07/May/2021 05:52:31  The length ratio between the shortest and the longest model edges is 1:1429.
                      Short model edges can be highlighted via Mesh:Mesh Control->Check Mesh->Check
                      Model Edge Length.... (It may be advantageous to model the metallizations as
                      infinitely thin sheets.) More...
                      
                      ------------------------------------------------------------------------------
07/May/2021 05:52:33  *** Warning ***
                      
                      This software is licensed for personal and educational purposes only.
                      
                      ------------------------------------------------------------------------------
07/May/2021 05:52:34  Units settings: 
                      
                        Dimensions: mm
                        Frequency:  GHz
                        Time:       ns
                      
                      ------------------------------------------------------------------------------
07/May/2021 05:52:34  Boundary conditions: 
                      
                        YZsymmetry: none
                        XZsymmetry: none
                        XYsymmetry: none
                      
                        Xmin: electric
                        Xmax: electric
                      
                        Ymin: electric
                        Ymax: electric
                      
                        Zmin: electric
                        Zmax: electric
                      
                      ------------------------------------------------------------------------------
07/May/2021 05:52:34  Order settings: 
                      
                        Solver order   : 2nd (constant)
                        Curved elements: up to order 3 (automatic)
                      
                      ------------------------------------------------------------------------------
07/May/2021 05:52:34    Mesh time                :	2 s
                      
                      
                      ------------------------------------------------------------------------------
07/May/2021 05:52:34  
                      ================================================================================
                      Frequency Domain Solver calculation cycle started
                      
                      ------------------------------------------------------------------------------
07/May/2021 05:52:34  Solver started at: 05:52 AM Friday, 07. May 2021 (South Africa Standard Time)
                      
                        Module:  Frequency Domain: S-Parameter (Win 64)
                        Version: 2020.4 Release from 2020-03-20 (change 767647)
                      
                      ------------------------------------------------------------------------------
07/May/2021 05:52:34    Calculation 1 of 1 (Frequency: 12 GHz)
                      
                      
                      ------------------------------------------------------------------------------
07/May/2021 05:52:34  Automatically activated electric shielding for ports 1, 2.
                      
                      ------------------------------------------------------------------------------
07/May/2021 05:52:36    ----------------------------------------------------------------------------
                        Port   Mode   Type        Z-Wave        Z-Wave-Sigma  Z-Line        F-Cutoff
                        1      1      TE          450           0             ---           6.555
                        ----------------------------------------------------------------------------
                      
                      
                      ------------------------------------------------------------------------------
07/May/2021 05:52:36    ----------------------------------------------------------------------------
                        Port   Mode   Type        Z-Wave        Z-Wave-Sigma  Z-Line        F-Cutoff
                        2      1      TE          523           0             ---           8.322
                        ----------------------------------------------------------------------------
                      
                      
                      ------------------------------------------------------------------------------
07/May/2021 05:52:36  Please consider improving the initial mesh.  More...
                      
                      ------------------------------------------------------------------------------
07/May/2021 05:52:36  The wavelength based mesh refinement has been applied to 4.8% of all mesh edges.
                      
                      ------------------------------------------------------------------------------
07/May/2021 05:52:37  Adaptive mesh refinement pass 1
                      
                      ------------------------------------------------------------------------------
07/May/2021 05:52:37    Matrix setup time        :	0 s
                        Degrees of freedom       :	7480
                        Number of mesh cells     :	1529
                      
                        Stimulation port         :	1
                        Mode number              :	1
                        Accuracy                 :	8.35123e-05
                        Iterations               :	65
                        Solver time              :	0 s
                      
                      
                      ------------------------------------------------------------------------------
07/May/2021 05:52:37  3% of all mesh edges seem to be longer than expected. The adaptive mesh refinement's growth limitation will therefore 
                      use 1847 instead of 1134 mesh cells as a reference.
                      
                      ------------------------------------------------------------------------------
07/May/2021 05:52:37  The quality of some tetrahedrons is low.  More...
                      
                      ------------------------------------------------------------------------------
07/May/2021 05:52:38  Adaptive mesh refinement pass 2
                      
                      ------------------------------------------------------------------------------
07/May/2021 05:52:38    Matrix setup time        :	0 s
                        Degrees of freedom       :	8954
                        Number of mesh cells     :	1794
                      
                        Stimulation port         :	1
                        Mode number              :	1
                        Accuracy                 :	9.11321e-05
                        Iterations               :	41
                        Solver time              :	0 s
                      
                      
                      ------------------------------------------------------------------------------
07/May/2021 05:52:38    Delta calculation        
07/May/2021 05:52:38    All S-Parameters         :	0.0185938

                      ------------------------------------------------------------------------------
07/May/2021 05:52:38  The quality of some tetrahedrons is low.  More...
                      
                      ------------------------------------------------------------------------------
07/May/2021 05:52:40  Adaptive mesh refinement pass 3
                      
                      ------------------------------------------------------------------------------
07/May/2021 05:52:40    Matrix setup time        :	0 s
                        Degrees of freedom       :	11478
                        Number of mesh cells     :	2227
                      
                        Stimulation port         :	1
                        Mode number              :	1
                        Accuracy                 :	8.89549e-05
                        Iterations               :	29
                        Solver time              :	0 s
                      
                      
                      ------------------------------------------------------------------------------
07/May/2021 05:52:40    Delta calculation        
07/May/2021 05:52:40    All S-Parameters         :	0.0117956

                      ------------------------------------------------------------------------------
07/May/2021 05:52:40  Mesh adaptation terminated because the desired accuracy limit is reached.
                      
                      ------------------------------------------------------------------------------
07/May/2021 05:52:40    Total time               :	6 s
                      
                      ------------------------------------------------------------------------------

                      ------------------------------------------------------------------------------
07/May/2021 05:52:40    Calculation 2 (Frequency: 8 GHz)
                      
                      
                      ------------------------------------------------------------------------------
07/May/2021 05:52:40    ----------------------------------------------------------------------------
                        Port   Mode   Type        Z-Wave        Z-Wave-Sigma  Z-Line        F-Cutoff
                        1      1      TE          450           0             ---           6.555
                        ----------------------------------------------------------------------------
                      
                      
                      ------------------------------------------------------------------------------
07/May/2021 05:52:40    ----------------------------------------------------------------------------
                        Port   Mode   Type        Z-Wave        Z-Wave-Sigma  Z-Line        F-Cutoff
                        2      1      TE          523           0             ---           8.322
                        ----------------------------------------------------------------------------
                      
                      
                      ------------------------------------------------------------------------------
07/May/2021 05:52:40    Matrix setup time        :	0 s
                        Degrees of freedom       :	11478
                        Number of mesh cells     :	2227
                      
                        Stimulation port         :	1
                        Mode number              :	1
                        Accuracy                 :	9.64267e-05
                        Iterations               :	28
                        Solver time              :	0 s
                      
                      
                      ------------------------------------------------------------------------------
07/May/2021 05:52:41    Generating results       :	1 s
                      
                        Total time               :	1 s
                      
                      ------------------------------------------------------------------------------

                      ------------------------------------------------------------------------------
07/May/2021 05:52:41    Calculation 3 (Frequency: 10 GHz)
                      
                      
                      ------------------------------------------------------------------------------
07/May/2021 05:52:41    ----------------------------------------------------------------------------
                        Port   Mode   Type        Z-Wave        Z-Wave-Sigma  Z-Line        F-Cutoff
                        1      1      TE          657           0             ---           6.555
                        ----------------------------------------------------------------------------
                      
                      
                      ------------------------------------------------------------------------------
07/May/2021 05:52:41    ----------------------------------------------------------------------------
                        Port   Mode   Type        Z-Wave        Z-Wave-Sigma  Z-Line        F-Cutoff
                        2      1      TE          1.32e+003     0             ---           8.322
                        ----------------------------------------------------------------------------
                      
                      
                      ------------------------------------------------------------------------------
07/May/2021 05:52:41    Matrix setup time        :	0 s
                        Degrees of freedom       :	11478
                        Number of mesh cells     :	2227
                      
                        Stimulation port         :	1
                        Mode number              :	1
                        Accuracy                 :	8.52277e-05
                        Iterations               :	32
                        Solver time              :	0 s
                      
                      
                      ------------------------------------------------------------------------------
07/May/2021 05:52:41    Total time               :	0 s
                      
                      ------------------------------------------------------------------------------

                      ------------------------------------------------------------------------------
07/May/2021 05:52:41    Calculation 4 (Frequency: 11 GHz)
                      
                      
                      ------------------------------------------------------------------------------
07/May/2021 05:52:41    ----------------------------------------------------------------------------
                        Port   Mode   Type        Z-Wave        Z-Wave-Sigma  Z-Line        F-Cutoff
                        1      1      TE          499           0             ---           6.555
                        ----------------------------------------------------------------------------
                      
                      
                      ------------------------------------------------------------------------------
07/May/2021 05:52:41    ----------------------------------------------------------------------------
                        Port   Mode   Type        Z-Wave        Z-Wave-Sigma  Z-Line        F-Cutoff
                        2      1      TE          679           0             ---           8.322
                        ----------------------------------------------------------------------------
                      
                      
                      ------------------------------------------------------------------------------
07/May/2021 05:52:41    Matrix setup time        :	0 s
                        Degrees of freedom       :	11478
                        Number of mesh cells     :	2227
                      
                        Stimulation port         :	1
                        Mode number              :	1
                        Accuracy                 :	7.75542e-05
                        Iterations               :	30
                        Solver time              :	0 s
                      
                      
                      ------------------------------------------------------------------------------
07/May/2021 05:52:41    Total time               :	0 s
                      
                      ------------------------------------------------------------------------------

                      ------------------------------------------------------------------------------
07/May/2021 05:52:41    Calculation 5 (Frequency: 8.852 GHz)
                      
                      
                      ------------------------------------------------------------------------------
07/May/2021 05:52:41    ----------------------------------------------------------------------------
                        Port   Mode   Type        Z-Wave        Z-Wave-Sigma  Z-Line        F-Cutoff
                        1      1      TE          469           0             ---           6.555
                        ----------------------------------------------------------------------------
                      
                      
                      ------------------------------------------------------------------------------
07/May/2021 05:52:41    ----------------------------------------------------------------------------
                        Port   Mode   Type        Z-Wave        Z-Wave-Sigma  Z-Line        F-Cutoff
                        2      1      TE          576           0             ---           8.322
                        ----------------------------------------------------------------------------
                      
                      
                      ------------------------------------------------------------------------------
07/May/2021 05:52:41    Matrix setup time        :	0 s
                        Degrees of freedom       :	11478
                        Number of mesh cells     :	2227
                      
                        Stimulation port         :	1
                        Mode number              :	1
                        Accuracy                 :	9.27567e-05
                        Iterations               :	29
                        Solver time              :	0 s
                      
                      
                      ------------------------------------------------------------------------------
07/May/2021 05:52:41    Total time               :	0 s
                      
                      ------------------------------------------------------------------------------

                      ------------------------------------------------------------------------------
07/May/2021 05:52:41    Calculation 6 (Frequency: 10.808 GHz)
                      
                      
                      ------------------------------------------------------------------------------
07/May/2021 05:52:41    ----------------------------------------------------------------------------
                        Port   Mode   Type        Z-Wave        Z-Wave-Sigma  Z-Line        F-Cutoff
                        1      1      TE          561           0             ---           6.555
                        ----------------------------------------------------------------------------
                      
                      
                      ------------------------------------------------------------------------------
07/May/2021 05:52:41    ----------------------------------------------------------------------------
                        Port   Mode   Type        Z-Wave        Z-Wave-Sigma  Z-Line        F-Cutoff
                        2      1      TE          1.10e+003     0             ---           8.322
                        ----------------------------------------------------------------------------
                      
                      
                      ------------------------------------------------------------------------------
07/May/2021 05:52:42    Matrix setup time        :	1 s
                        Degrees of freedom       :	11478
                        Number of mesh cells     :	2227
                      
                        Stimulation port         :	1
                        Mode number              :	1
                        Accuracy                 :	8.05895e-05
                        Iterations               :	5
                        Solver time              :	0 s
                      
                      
                      ------------------------------------------------------------------------------
07/May/2021 05:52:42    Total time               :	1 s
                      
                      ------------------------------------------------------------------------------

                      ------------------------------------------------------------------------------
07/May/2021 05:52:42    Calculation 7 (Frequency: 11.108 GHz)
                      
                      
                      ------------------------------------------------------------------------------
07/May/2021 05:52:42    ----------------------------------------------------------------------------
                        Port   Mode   Type        Z-Wave        Z-Wave-Sigma  Z-Line        F-Cutoff
                        1      1      TE          474           0             ---           6.555
                        ----------------------------------------------------------------------------
                      
                      
                      ------------------------------------------------------------------------------
07/May/2021 05:52:42    ----------------------------------------------------------------------------
                        Port   Mode   Type        Z-Wave        Z-Wave-Sigma  Z-Line        F-Cutoff
                        2      1      TE          590           0             ---           8.322
                        ----------------------------------------------------------------------------
                      
                      
                      ------------------------------------------------------------------------------
07/May/2021 05:52:42    Matrix setup time        :	0 s
                        Degrees of freedom       :	11478
                        Number of mesh cells     :	2227
                      
                        Stimulation port         :	1
                        Mode number              :	1
                        Accuracy                 :	6.9216e-05
                        Iterations               :	5
                        Solver time              :	0 s
                      
                      
                      ------------------------------------------------------------------------------
07/May/2021 05:52:42    Total time               :	0 s
                      
                      ------------------------------------------------------------------------------

                      ------------------------------------------------------------------------------
07/May/2021 05:52:42    Calculation 8 (Frequency: 9.524 GHz)
                      
                      
                      ------------------------------------------------------------------------------
07/May/2021 05:52:42    ----------------------------------------------------------------------------
                        Port   Mode   Type        Z-Wave        Z-Wave-Sigma  Z-Line        F-Cutoff
                        1      1      TE          467           0             ---           6.555
                        ----------------------------------------------------------------------------
                      
                      
                      ------------------------------------------------------------------------------
07/May/2021 05:52:42    ----------------------------------------------------------------------------
                        Port   Mode   Type        Z-Wave        Z-Wave-Sigma  Z-Line        F-Cutoff
                        2      1      TE          569           0             ---           8.322
                        ----------------------------------------------------------------------------
                      
                      
                      ------------------------------------------------------------------------------
07/May/2021 05:52:42    Matrix setup time        :	0 s
                        Degrees of freedom       :	11478
                        Number of mesh cells     :	2227
                      
                        Stimulation port         :	1
                        Mode number              :	1
                        Accuracy                 :	9.8117e-05
                        Iterations               :	17
                        Solver time              :	0 s
                      
                      
                      ------------------------------------------------------------------------------
07/May/2021 05:52:42    Total time               :	0 s
                      
                      ------------------------------------------------------------------------------

                      ------------------------------------------------------------------------------
07/May/2021 05:52:42    Calculation 9 (Frequency: 8.292 GHz)
                      
                      
                      ------------------------------------------------------------------------------
07/May/2021 05:52:42    ----------------------------------------------------------------------------
                        Port   Mode   Type        Z-Wave        Z-Wave-Sigma  Z-Line        F-Cutoff
                        1      1      TE          519           0             ---           6.555
                        ----------------------------------------------------------------------------
                      
                      
                      ------------------------------------------------------------------------------
07/May/2021 05:52:42    ----------------------------------------------------------------------------
                        Port   Mode   Type        Z-Wave        Z-Wave-Sigma  Z-Line        F-Cutoff
                        2      1      TE          775           0             ---           8.322
                        ----------------------------------------------------------------------------
                      
                      
                      ------------------------------------------------------------------------------
07/May/2021 05:52:42    Matrix setup time        :	0 s
                        Degrees of freedom       :	11478
                        Number of mesh cells     :	2227
                      
                        Stimulation port         :	1
                        Mode number              :	1
                        Accuracy                 :	9.14901e-05
                        Iterations               :	24
                        Solver time              :	0 s
                      
                      
                      ------------------------------------------------------------------------------
07/May/2021 05:52:42    Total time               :	0 s
                      
                      ------------------------------------------------------------------------------

                      ------------------------------------------------------------------------------
07/May/2021 05:52:42    Calculation 10 (Frequency: 9.068 GHz)
                      
                      
                      ------------------------------------------------------------------------------
07/May/2021 05:52:42    ----------------------------------------------------------------------------
                        Port   Mode   Type        Z-Wave        Z-Wave-Sigma  Z-Line        F-Cutoff
                        1      1      TE          615           0             ---           6.555
                        ----------------------------------------------------------------------------
                      
                      
                      ------------------------------------------------------------------------------
07/May/2021 05:52:42    ----------------------------------------------------------------------------
                        Port   Mode   Type        Z-Wave        Z-Wave-Sigma  Z-Line        F-Cutoff
                        2      1      TE          4.46e+003     0             ---           8.322
                        ----------------------------------------------------------------------------
                      
                      
                      ------------------------------------------------------------------------------
07/May/2021 05:52:42    Matrix setup time        :	0 s
                        Degrees of freedom       :	11478
                        Number of mesh cells     :	2227
                      
                        Stimulation port         :	1
                        Mode number              :	1
                        Accuracy                 :	9.22705e-05
                        Iterations               :	5
                        Solver time              :	0 s
                      
                      
                      ------------------------------------------------------------------------------
07/May/2021 05:52:42    Total time               :	0 s
                      
                      ------------------------------------------------------------------------------

                      ------------------------------------------------------------------------------
07/May/2021 05:52:42    Calculation 11 (Frequency: 8.58 GHz)
                      
                      
                      ------------------------------------------------------------------------------
07/May/2021 05:52:42    ----------------------------------------------------------------------------
                        Port   Mode   Type        Z-Wave        Z-Wave-Sigma  Z-Line        F-Cutoff
                        1      1      TE          545           0             ---           6.555
                        ----------------------------------------------------------------------------
                      
                      
                      ------------------------------------------------------------------------------
07/May/2021 05:52:42    ----------------------------------------------------------------------------
                        Port   Mode   Type        Z-Wave        Z-Wave-Sigma  Z-Line        F-Cutoff
                        2      1      TE          948           0             ---           8.322
                        ----------------------------------------------------------------------------
                      
                      
                      ------------------------------------------------------------------------------
07/May/2021 05:52:43    Matrix setup time        :	0 s
                        Solver setup             :	1 s
                        Degrees of freedom       :	11478
                        Number of mesh cells     :	2227
                      
                        Stimulation port         :	1
                        Mode number              :	1
                        Accuracy                 :	8.85801e-05
                        Iterations               :	15
                        Solver time              :	0 s
                      
                      
                      ------------------------------------------------------------------------------
07/May/2021 05:52:43    Total time               :	1 s
                      
                      ------------------------------------------------------------------------------

                      ------------------------------------------------------------------------------
07/May/2021 05:52:43    Calculation 12 (Frequency: 8.152 GHz)
                      
                      
                      ------------------------------------------------------------------------------
07/May/2021 05:52:43    ----------------------------------------------------------------------------
                        Port   Mode   Type        Z-Wave        Z-Wave-Sigma  Z-Line        F-Cutoff
                        1      1      TE          584           0             ---           6.555
                        ----------------------------------------------------------------------------
                      
                      
                      ------------------------------------------------------------------------------
07/May/2021 05:52:43    ----------------------------------------------------------------------------
                        Port   Mode   Type        Z-Wave        Z-Wave-Sigma  Z-Line        F-Cutoff
                        2      1      TE          1.55e+003     0             ---           8.322
                        ----------------------------------------------------------------------------
                      
                      
                      ------------------------------------------------------------------------------
07/May/2021 05:52:43    Matrix setup time        :	0 s
                        Degrees of freedom       :	11478
                        Number of mesh cells     :	2227
                      
                        Stimulation port         :	1
                        Mode number              :	1
                        Accuracy                 :	8.34461e-05
                        Iterations               :	21
                        Solver time              :	0 s
                      
                      
                      ------------------------------------------------------------------------------
07/May/2021 05:52:43    Total time               :	0 s
                      
                      ------------------------------------------------------------------------------

                      ------------------------------------------------------------------------------
07/May/2021 05:52:43    Calculation 13 (Frequency: 8.42 GHz)
                      
                      
                      ------------------------------------------------------------------------------
07/May/2021 05:52:43    ----------------------------------------------------------------------------
                        Port   Mode   Type        Z-Wave        Z-Wave-Sigma  Z-Line        F-Cutoff
                        1      1      TE          634           0             ---           6.555
                        ----------------------------------------------------------------------------
                      
                      
                      ------------------------------------------------------------------------------
07/May/2021 05:52:43    ----------------------------------------------------------------------------
                        Port   Mode   Type        Z-Wave        Z-Wave-Sigma  Z-Line        F-Cutoff
                        2      1      TE          1.84e+003     0             ---           8.322
                        ----------------------------------------------------------------------------
                      
                      
                      ------------------------------------------------------------------------------
07/May/2021 05:52:43    Matrix setup time        :	0 s
                        Degrees of freedom       :	11478
                        Number of mesh cells     :	2227
                      
                        Stimulation port         :	1
                        Mode number              :	1
                        Accuracy                 :	7.54402e-05
                        Iterations               :	12
                        Solver time              :	0 s
                      
                      
                      ------------------------------------------------------------------------------
07/May/2021 05:52:43    Total time               :	0 s
                      
                      ------------------------------------------------------------------------------

                      ------------------------------------------------------------------------------
07/May/2021 05:52:43    Calculation 14 (Frequency: 8.244 GHz)
                      
                      
                      ------------------------------------------------------------------------------
07/May/2021 05:52:43    ----------------------------------------------------------------------------
                        Port   Mode   Type        Z-Wave        Z-Wave-Sigma  Z-Line        F-Cutoff
                        1      1      TE          600           0             ---           6.555
                        ----------------------------------------------------------------------------
                      
                      
                      ------------------------------------------------------------------------------
07/May/2021 05:52:43    ----------------------------------------------------------------------------
                        Port   Mode   Type        Z-Wave        Z-Wave-Sigma  Z-Line        F-Cutoff
                        2      1      TE          2.47e+003     0             ---           8.322
                        ----------------------------------------------------------------------------
                      
                      
                      ------------------------------------------------------------------------------
07/May/2021 05:52:43    Matrix setup time        :	0 s
                        Degrees of freedom       :	11478
                        Number of mesh cells     :	2227
                      
                        Stimulation port         :	1
                        Mode number              :	1
                        Accuracy                 :	8.0847e-05
                        Iterations               :	5
                        Solver time              :	0 s
                      
                      
                      ------------------------------------------------------------------------------
07/May/2021 05:52:43    Total time               :	0 s
                      
                      ------------------------------------------------------------------------------

                      ------------------------------------------------------------------------------
07/May/2021 05:52:43    Calculation 15 (Frequency: 8.364 GHz)
                      
                      
                      ------------------------------------------------------------------------------
07/May/2021 05:52:43    ----------------------------------------------------------------------------
                        Port   Mode   Type        Z-Wave        Z-Wave-Sigma  Z-Line        F-Cutoff
                        1      1      TE          621           0             ---           6.555
                        ----------------------------------------------------------------------------
                      
                      
                      ------------------------------------------------------------------------------
07/May/2021 05:52:43    ----------------------------------------------------------------------------
                        Port   Mode   Type        Z-Wave        Z-Wave-Sigma  Z-Line        F-Cutoff
                        2      1      TE          2.74e+003     0             ---           8.322
                        ----------------------------------------------------------------------------
                      
                      
                      ------------------------------------------------------------------------------
07/May/2021 05:52:43    Matrix setup time        :	0 s
                        Degrees of freedom       :	11478
                        Number of mesh cells     :	2227
                      
                        Stimulation port         :	1
                        Mode number              :	1
                        Accuracy                 :	9.92885e-05
                        Iterations               :	10
                        Solver time              :	0 s
                      
                      
                      ------------------------------------------------------------------------------
07/May/2021 05:52:43    Total time               :	0 s
                      
                      ------------------------------------------------------------------------------

                      ------------------------------------------------------------------------------
07/May/2021 05:52:43    Calculation 16 (Frequency: 8.464 GHz)
                      
                      
                      ------------------------------------------------------------------------------
07/May/2021 05:52:43    ----------------------------------------------------------------------------
                        Port   Mode   Type        Z-Wave        Z-Wave-Sigma  Z-Line        F-Cutoff
                        1      1      TE          606           0             ---           6.555
                        ----------------------------------------------------------------------------
                      
                      
                      ------------------------------------------------------------------------------
07/May/2021 05:52:43    ----------------------------------------------------------------------------
                        Port   Mode   Type        Z-Wave        Z-Wave-Sigma  Z-Line        F-Cutoff
                        2      1      TE          3.74e+003     0             ---           8.322
                        ----------------------------------------------------------------------------
                      
                      
                      ------------------------------------------------------------------------------
07/May/2021 05:52:44    Matrix setup time        :	0 s
                        Solver setup             :	1 s
                        Degrees of freedom       :	11478
                        Number of mesh cells     :	2227
                      
                        Stimulation port         :	1
                        Mode number              :	1
                        Accuracy                 :	5.06773e-05
                        Iterations               :	5
                        Solver time              :	0 s
                      
                      
                      ------------------------------------------------------------------------------
07/May/2021 05:52:44    Total time               :	1 s
                      
                      ------------------------------------------------------------------------------

                      ------------------------------------------------------------------------------
07/May/2021 05:52:44    Calculation 17 (Frequency: 8.328 GHz)
                      
                      
                      ------------------------------------------------------------------------------
07/May/2021 05:52:44    ----------------------------------------------------------------------------
                        Port   Mode   Type        Z-Wave        Z-Wave-Sigma  Z-Line        F-Cutoff
                        1      1      TE          595           0             ---           6.555
                        ----------------------------------------------------------------------------
                      
                      
                      ------------------------------------------------------------------------------
07/May/2021 05:52:44    ----------------------------------------------------------------------------
                        Port   Mode   Type        Z-Wave        Z-Wave-Sigma  Z-Line        F-Cutoff
                        2      1      TE          2.06e+003     0             ---           8.322
                        ----------------------------------------------------------------------------
                      
                      
                      ------------------------------------------------------------------------------
07/May/2021 05:52:44    Matrix setup time        :	0 s
                        Degrees of freedom       :	11478
                        Number of mesh cells     :	2227
                      
                        Stimulation port         :	1
                        Mode number              :	1
                        Accuracy                 :	8.18264e-05
                        Iterations               :	10
                        Solver time              :	0 s
                      
                      
                      ------------------------------------------------------------------------------
07/May/2021 05:52:44    Total time               :	0 s
                      
                      ------------------------------------------------------------------------------

                      ------------------------------------------------------------------------------
07/May/2021 05:52:44    Calculation 18 (Frequency: 8.048 GHz)
                      
                      
                      ------------------------------------------------------------------------------
07/May/2021 05:52:44    ----------------------------------------------------------------------------
                        Port   Mode   Type        Z-Wave        Z-Wave-Sigma  Z-Line        F-Cutoff
                        1      1      TE          611           0             ---           6.555
                        ----------------------------------------------------------------------------
                      
                      
                      ------------------------------------------------------------------------------
07/May/2021 05:52:44    ----------------------------------------------------------------------------
                        Port   Mode   Type        Z-Wave        Z-Wave-Sigma  Z-Line        F-Cutoff
                        2      1      TE          9.56e+003     0             ---           8.322
                        ----------------------------------------------------------------------------
                      
                      
                      ------------------------------------------------------------------------------
07/May/2021 05:52:44    Matrix setup time        :	0 s
                        Degrees of freedom       :	11478
                        Number of mesh cells     :	2227
                      
                        Stimulation port         :	1
                        Mode number              :	1
                        Accuracy                 :	4.77563e-05
                        Iterations               :	5
                        Solver time              :	0 s
                      
                      
                      ------------------------------------------------------------------------------
07/May/2021 05:52:44    Total time               :	0 s
                      
                      ------------------------------------------------------------------------------

                      ------------------------------------------------------------------------------
07/May/2021 05:52:44    Calculation 19 (Frequency: 8.32 GHz)
                      
                      
                      ------------------------------------------------------------------------------
07/May/2021 05:52:44    ----------------------------------------------------------------------------
                        Port   Mode   Type        Z-Wave        Z-Wave-Sigma  Z-Line        F-Cutoff
                        1      1      TE          649           0             ---           6.555
                        ----------------------------------------------------------------------------
                      
                      
                      ------------------------------------------------------------------------------
07/May/2021 05:52:44    ----------------------------------------------------------------------------
                        Port   Mode   Type        Z-Wave        Z-Wave-Sigma  Z-Line        F-Cutoff
                        2      1      TE          1.43e+003     0             ---           8.322
                        ----------------------------------------------------------------------------
                      
                      
                      ------------------------------------------------------------------------------
07/May/2021 05:52:44    Matrix setup time        :	0 s
                        Degrees of freedom       :	11478
                        Number of mesh cells     :	2227
                      
                        Stimulation port         :	1
                        Mode number              :	1
                        Accuracy                 :	6.8358e-05
                        Iterations               :	5
                        Solver time              :	0 s
                      
                      
                      ------------------------------------------------------------------------------
07/May/2021 05:52:44    Total time               :	0 s
                      
                      ------------------------------------------------------------------------------

                      ------------------------------------------------------------------------------
07/May/2021 05:52:44  Finished the general purpose interpolative broadband frequency sweep:
                      All broadband sweep convergence criteria have been satisfied after
                      calculating 19 frequency samples:
                      
                        Broadband sweep error threshold value : 
                                                                0.01 (All S-Parameters) 
                        Number of error criterion checks      : 
                                                                2 (All S-Parameters) 
                        Minimum number of samples             : 3
                      
                      
                      ------------------------------------------------------------------------------
07/May/2021 05:52:44    Total Solver Time        :	12 s
                      ================================================================================
                      
                      
                      
                      ------------------------------------------------------------------------------
07/May/2021 05:52:44  Calculating remaining monitors.
                      
                      ------------------------------------------------------------------------------
07/May/2021 05:52:44    ----------------------------------------------------------------------------
                                            Peak memory used (kB)         Free physical memory (kB) 
                                                                          At begin     Minimum      
                        ----------------------------------------------------------------------------
                        Solver start        16880                         2267308      2266984      
                        Eq. system setup    58588                         2241064      2199472      
                        Eq. system solve    59056                         2235836      2199472      
                        Mesh refinement     45000                         2226332      2226304      
                        Solver run total    59056                         2267316      2209464      
                      
                        Computer name       LAPTOP-Q5P2C1AE
                        ----------------------------------------------------------------------------
                      
                      
                      ------------------------------------------------------------------------------
07/May/2021 05:52:45  Running postprocessing.
                      
                      ------------------------------------------------------------------------------
07/May/2021 05:52:47  Postprocessing finished.
                      
                      ------------------------------------------------------------------------------
07/May/2021 05:52:47  Creating parametric 1D results for Run ID 1
                      
                      ------------------------------------------------------------------------------
