Unknown:
C:\Users\tshis\Documents\UP Honours Studies\EMM 780\EMM-Assigment-TWO\EMM-Assigment-TWO-Git\EMM-Assigment-TWO-Git\CST Simulation Assigment_Two\Result\Model.log
C:\Users\tshis\Documents\UP Honours Studies\EMM 780\EMM-Assigment-TWO\EMM-Assigment-TWO-Git\EMM-Assigment-TWO-Git\CST Simulation Assigment_Two\Result\Model.sa
C:\Users\tshis\Documents\UP Honours Studies\EMM 780\EMM-Assigment-TWO\EMM-Assigment-TWO-Git\EMM-Assigment-TWO-Git\CST Simulation Assigment_Two\Result\Port1_e1(#0000).sct
C:\Users\tshis\Documents\UP Honours Studies\EMM 780\EMM-Assigment-TWO\EMM-Assigment-TWO-Git\EMM-Assigment-TWO-Git\CST Simulation Assigment_Two\Result\Port1_e2(#0000).sct
C:\Users\tshis\Documents\UP Honours Studies\EMM 780\EMM-Assigment-TWO\EMM-Assigment-TWO-Git\EMM-Assigment-TWO-Git\CST Simulation Assigment_Two\Result\Port1_e3(#0000).sct
C:\Users\tshis\Documents\UP Honours Studies\EMM 780\EMM-Assigment-TWO\EMM-Assigment-TWO-Git\EMM-Assigment-TWO-Git\CST Simulation Assigment_Two\Result\Port1_e4(#0000).sct
C:\Users\tshis\Documents\UP Honours Studies\EMM 780\EMM-Assigment-TWO\EMM-Assigment-TWO-Git\EMM-Assigment-TWO-Git\CST Simulation Assigment_Two\Result\Port1_e5(#0000).sct
C:\Users\tshis\Documents\UP Honours Studies\EMM 780\EMM-Assigment-TWO\EMM-Assigment-TWO-Git\EMM-Assigment-TWO-Git\CST Simulation Assigment_Two\Result\Port1_eInfo1(#0000).pmf
C:\Users\tshis\Documents\UP Honours Studies\EMM 780\EMM-Assigment-TWO\EMM-Assigment-TWO-Git\EMM-Assigment-TWO-Git\CST Simulation Assigment_Two\Result\Port1_eInfo2(#0000).pmf
C:\Users\tshis\Documents\UP Honours Studies\EMM 780\EMM-Assigment-TWO\EMM-Assigment-TWO-Git\EMM-Assigment-TWO-Git\CST Simulation Assigment_Two\Result\Port1_eInfo3(#0000).pmf
C:\Users\tshis\Documents\UP Honours Studies\EMM 780\EMM-Assigment-TWO\EMM-Assigment-TWO-Git\EMM-Assigment-TWO-Git\CST Simulation Assigment_Two\Result\Port1_eInfo4(#0000).pmf
C:\Users\tshis\Documents\UP Honours Studies\EMM 780\EMM-Assigment-TWO\EMM-Assigment-TWO-Git\EMM-Assigment-TWO-Git\CST Simulation Assigment_Two\Result\Port1_eInfo5(#0000).pmf
C:\Users\tshis\Documents\UP Honours Studies\EMM 780\EMM-Assigment-TWO\EMM-Assigment-TWO-Git\EMM-Assigment-TWO-Git\CST Simulation Assigment_Two\Result\Port1_h1(#0000).sct
C:\Users\tshis\Documents\UP Honours Studies\EMM 780\EMM-Assigment-TWO\EMM-Assigment-TWO-Git\EMM-Assigment-TWO-Git\CST Simulation Assigment_Two\Result\Port1_h2(#0000).sct
C:\Users\tshis\Documents\UP Honours Studies\EMM 780\EMM-Assigment-TWO\EMM-Assigment-TWO-Git\EMM-Assigment-TWO-Git\CST Simulation Assigment_Two\Result\Port1_h3(#0000).sct
C:\Users\tshis\Documents\UP Honours Studies\EMM 780\EMM-Assigment-TWO\EMM-Assigment-TWO-Git\EMM-Assigment-TWO-Git\CST Simulation Assigment_Two\Result\Port1_h4(#0000).sct
C:\Users\tshis\Documents\UP Honours Studies\EMM 780\EMM-Assigment-TWO\EMM-Assigment-TWO-Git\EMM-Assigment-TWO-Git\CST Simulation Assigment_Two\Result\Port1_h5(#0000).sct
C:\Users\tshis\Documents\UP Honours Studies\EMM 780\EMM-Assigment-TWO\EMM-Assigment-TWO-Git\EMM-Assigment-TWO-Git\CST Simulation Assigment_Two\Result\Port1_hInfo1(#0000).pmf
C:\Users\tshis\Documents\UP Honours Studies\EMM 780\EMM-Assigment-TWO\EMM-Assigment-TWO-Git\EMM-Assigment-TWO-Git\CST Simulation Assigment_Two\Result\Port1_hInfo2(#0000).pmf
C:\Users\tshis\Documents\UP Honours Studies\EMM 780\EMM-Assigment-TWO\EMM-Assigment-TWO-Git\EMM-Assigment-TWO-Git\CST Simulation Assigment_Two\Result\Port1_hInfo3(#0000).pmf
C:\Users\tshis\Documents\UP Honours Studies\EMM 780\EMM-Assigment-TWO\EMM-Assigment-TWO-Git\EMM-Assigment-TWO-Git\CST Simulation Assigment_Two\Result\Port1_hInfo4(#0000).pmf
C:\Users\tshis\Documents\UP Honours Studies\EMM 780\EMM-Assigment-TWO\EMM-Assigment-TWO-Git\EMM-Assigment-TWO-Git\CST Simulation Assigment_Two\Result\Port1_hInfo5(#0000).pmf
C:\Users\tshis\Documents\UP Honours Studies\EMM 780\EMM-Assigment-TWO\EMM-Assigment-TWO-Git\EMM-Assigment-TWO-Git\CST Simulation Assigment_Two\Result\Port2_e1(#0000).sct
C:\Users\tshis\Documents\UP Honours Studies\EMM 780\EMM-Assigment-TWO\EMM-Assigment-TWO-Git\EMM-Assigment-TWO-Git\CST Simulation Assigment_Two\Result\Port2_e2(#0000).sct
C:\Users\tshis\Documents\UP Honours Studies\EMM 780\EMM-Assigment-TWO\EMM-Assigment-TWO-Git\EMM-Assigment-TWO-Git\CST Simulation Assigment_Two\Result\Port2_e3(#0000).sct
C:\Users\tshis\Documents\UP Honours Studies\EMM 780\EMM-Assigment-TWO\EMM-Assigment-TWO-Git\EMM-Assigment-TWO-Git\CST Simulation Assigment_Two\Result\Port2_e4(#0000).sct
C:\Users\tshis\Documents\UP Honours Studies\EMM 780\EMM-Assigment-TWO\EMM-Assigment-TWO-Git\EMM-Assigment-TWO-Git\CST Simulation Assigment_Two\Result\Port2_e5(#0000).sct
C:\Users\tshis\Documents\UP Honours Studies\EMM 780\EMM-Assigment-TWO\EMM-Assigment-TWO-Git\EMM-Assigment-TWO-Git\CST Simulation Assigment_Two\Result\Port2_eInfo1(#0000).pmf
C:\Users\tshis\Documents\UP Honours Studies\EMM 780\EMM-Assigment-TWO\EMM-Assigment-TWO-Git\EMM-Assigment-TWO-Git\CST Simulation Assigment_Two\Result\Port2_eInfo2(#0000).pmf
C:\Users\tshis\Documents\UP Honours Studies\EMM 780\EMM-Assigment-TWO\EMM-Assigment-TWO-Git\EMM-Assigment-TWO-Git\CST Simulation Assigment_Two\Result\Port2_eInfo3(#0000).pmf
C:\Users\tshis\Documents\UP Honours Studies\EMM 780\EMM-Assigment-TWO\EMM-Assigment-TWO-Git\EMM-Assigment-TWO-Git\CST Simulation Assigment_Two\Result\Port2_eInfo4(#0000).pmf
C:\Users\tshis\Documents\UP Honours Studies\EMM 780\EMM-Assigment-TWO\EMM-Assigment-TWO-Git\EMM-Assigment-TWO-Git\CST Simulation Assigment_Two\Result\Port2_eInfo5(#0000).pmf
C:\Users\tshis\Documents\UP Honours Studies\EMM 780\EMM-Assigment-TWO\EMM-Assigment-TWO-Git\EMM-Assigment-TWO-Git\CST Simulation Assigment_Two\Result\Port2_h1(#0000).sct
C:\Users\tshis\Documents\UP Honours Studies\EMM 780\EMM-Assigment-TWO\EMM-Assigment-TWO-Git\EMM-Assigment-TWO-Git\CST Simulation Assigment_Two\Result\Port2_h2(#0000).sct
C:\Users\tshis\Documents\UP Honours Studies\EMM 780\EMM-Assigment-TWO\EMM-Assigment-TWO-Git\EMM-Assigment-TWO-Git\CST Simulation Assigment_Two\Result\Port2_h3(#0000).sct
C:\Users\tshis\Documents\UP Honours Studies\EMM 780\EMM-Assigment-TWO\EMM-Assigment-TWO-Git\EMM-Assigment-TWO-Git\CST Simulation Assigment_Two\Result\Port2_h4(#0000).sct
C:\Users\tshis\Documents\UP Honours Studies\EMM 780\EMM-Assigment-TWO\EMM-Assigment-TWO-Git\EMM-Assigment-TWO-Git\CST Simulation Assigment_Two\Result\Port2_h5(#0000).sct
C:\Users\tshis\Documents\UP Honours Studies\EMM 780\EMM-Assigment-TWO\EMM-Assigment-TWO-Git\EMM-Assigment-TWO-Git\CST Simulation Assigment_Two\Result\Port2_hInfo1(#0000).pmf
C:\Users\tshis\Documents\UP Honours Studies\EMM 780\EMM-Assigment-TWO\EMM-Assigment-TWO-Git\EMM-Assigment-TWO-Git\CST Simulation Assigment_Two\Result\Port2_hInfo2(#0000).pmf
C:\Users\tshis\Documents\UP Honours Studies\EMM 780\EMM-Assigment-TWO\EMM-Assigment-TWO-Git\EMM-Assigment-TWO-Git\CST Simulation Assigment_Two\Result\Port2_hInfo3(#0000).pmf
C:\Users\tshis\Documents\UP Honours Studies\EMM 780\EMM-Assigment-TWO\EMM-Assigment-TWO-Git\EMM-Assigment-TWO-Git\CST Simulation Assigment_Two\Result\Port2_hInfo4(#0000).pmf
C:\Users\tshis\Documents\UP Honours Studies\EMM 780\EMM-Assigment-TWO\EMM-Assigment-TWO-Git\EMM-Assigment-TWO-Git\CST Simulation Assigment_Two\Result\Port2_hInfo5(#0000).pmf
C:\Users\tshis\Documents\UP Honours Studies\EMM 780\EMM-Assigment-TWO\EMM-Assigment-TWO-Git\EMM-Assigment-TWO-Git\CST Simulation Assigment_Two\Result\SolCoef(#0000)_1(1).scf
C:\Users\tshis\Documents\UP Honours Studies\EMM 780\EMM-Assigment-TWO\EMM-Assigment-TWO-Git\EMM-Assigment-TWO-Git\CST Simulation Assigment_Two\Result\SolCoef(#0000)_1(2).scf
C:\Users\tshis\Documents\UP Honours Studies\EMM 780\EMM-Assigment-TWO\EMM-Assigment-TWO-Git\EMM-Assigment-TWO-Git\CST Simulation Assigment_Two\Result\SolCoef(#0000)_1(3).scf
C:\Users\tshis\Documents\UP Honours Studies\EMM 780\EMM-Assigment-TWO\EMM-Assigment-TWO-Git\EMM-Assigment-TWO-Git\CST Simulation Assigment_Two\Result\SolCoef(#0000)_1(4).scf
C:\Users\tshis\Documents\UP Honours Studies\EMM 780\EMM-Assigment-TWO\EMM-Assigment-TWO-Git\EMM-Assigment-TWO-Git\CST Simulation Assigment_Two\Result\SolCoef(#0000)_1(5).scf
C:\Users\tshis\Documents\UP Honours Studies\EMM 780\EMM-Assigment-TWO\EMM-Assigment-TWO-Git\EMM-Assigment-TWO-Git\CST Simulation Assigment_Two\Result\SolCoef(#0001)_1(1).scf
C:\Users\tshis\Documents\UP Honours Studies\EMM 780\EMM-Assigment-TWO\EMM-Assigment-TWO-Git\EMM-Assigment-TWO-Git\CST Simulation Assigment_Two\Result\SolCoef(#0001)_1(2).scf
C:\Users\tshis\Documents\UP Honours Studies\EMM 780\EMM-Assigment-TWO\EMM-Assigment-TWO-Git\EMM-Assigment-TWO-Git\CST Simulation Assigment_Two\Result\SolCoef(#0001)_1(3).scf
C:\Users\tshis\Documents\UP Honours Studies\EMM 780\EMM-Assigment-TWO\EMM-Assigment-TWO-Git\EMM-Assigment-TWO-Git\CST Simulation Assigment_Two\Result\SolCoef(#0001)_1(4).scf
C:\Users\tshis\Documents\UP Honours Studies\EMM 780\EMM-Assigment-TWO\EMM-Assigment-TWO-Git\EMM-Assigment-TWO-Git\CST Simulation Assigment_Two\Result\SolCoef(#0001)_1(5).scf
C:\Users\tshis\Documents\UP Honours Studies\EMM 780\EMM-Assigment-TWO\EMM-Assigment-TWO-Git\EMM-Assigment-TWO-Git\CST Simulation Assigment_Two\Result\SolCoef(#0002)_1(1).scf
C:\Users\tshis\Documents\UP Honours Studies\EMM 780\EMM-Assigment-TWO\EMM-Assigment-TWO-Git\EMM-Assigment-TWO-Git\CST Simulation Assigment_Two\Result\SolCoef(#0002)_1(2).scf
C:\Users\tshis\Documents\UP Honours Studies\EMM 780\EMM-Assigment-TWO\EMM-Assigment-TWO-Git\EMM-Assigment-TWO-Git\CST Simulation Assigment_Two\Result\SolCoef(#0002)_1(3).scf
C:\Users\tshis\Documents\UP Honours Studies\EMM 780\EMM-Assigment-TWO\EMM-Assigment-TWO-Git\EMM-Assigment-TWO-Git\CST Simulation Assigment_Two\Result\SolCoef(#0002)_1(4).scf
C:\Users\tshis\Documents\UP Honours Studies\EMM 780\EMM-Assigment-TWO\EMM-Assigment-TWO-Git\EMM-Assigment-TWO-Git\CST Simulation Assigment_Two\Result\SolCoef(#0002)_1(5).scf
C:\Users\tshis\Documents\UP Honours Studies\EMM 780\EMM-Assigment-TWO\EMM-Assigment-TWO-Git\EMM-Assigment-TWO-Git\CST Simulation Assigment_Two\Result\SolCoef(#0003)_1(1).scf
C:\Users\tshis\Documents\UP Honours Studies\EMM 780\EMM-Assigment-TWO\EMM-Assigment-TWO-Git\EMM-Assigment-TWO-Git\CST Simulation Assigment_Two\Result\SolCoef(#0003)_1(2).scf
C:\Users\tshis\Documents\UP Honours Studies\EMM 780\EMM-Assigment-TWO\EMM-Assigment-TWO-Git\EMM-Assigment-TWO-Git\CST Simulation Assigment_Two\Result\SolCoef(#0003)_1(3).scf
C:\Users\tshis\Documents\UP Honours Studies\EMM 780\EMM-Assigment-TWO\EMM-Assigment-TWO-Git\EMM-Assigment-TWO-Git\CST Simulation Assigment_Two\Result\SolCoef(#0003)_1(4).scf
C:\Users\tshis\Documents\UP Honours Studies\EMM 780\EMM-Assigment-TWO\EMM-Assigment-TWO-Git\EMM-Assigment-TWO-Git\CST Simulation Assigment_Two\Result\SolCoef(#0003)_1(5).scf
C:\Users\tshis\Documents\UP Honours Studies\EMM 780\EMM-Assigment-TWO\EMM-Assigment-TWO-Git\EMM-Assigment-TWO-Git\CST Simulation Assigment_Two\Result\SolCoef(#0004)_1(1).scf
C:\Users\tshis\Documents\UP Honours Studies\EMM 780\EMM-Assigment-TWO\EMM-Assigment-TWO-Git\EMM-Assigment-TWO-Git\CST Simulation Assigment_Two\Result\SolCoef(#0004)_1(2).scf
C:\Users\tshis\Documents\UP Honours Studies\EMM 780\EMM-Assigment-TWO\EMM-Assigment-TWO-Git\EMM-Assigment-TWO-Git\CST Simulation Assigment_Two\Result\SolCoef(#0004)_1(3).scf
C:\Users\tshis\Documents\UP Honours Studies\EMM 780\EMM-Assigment-TWO\EMM-Assigment-TWO-Git\EMM-Assigment-TWO-Git\CST Simulation Assigment_Two\Result\SolCoef(#0004)_1(4).scf
C:\Users\tshis\Documents\UP Honours Studies\EMM 780\EMM-Assigment-TWO\EMM-Assigment-TWO-Git\EMM-Assigment-TWO-Git\CST Simulation Assigment_Two\Result\SolCoef(#0004)_1(5).scf
C:\Users\tshis\Documents\UP Honours Studies\EMM 780\EMM-Assigment-TWO\EMM-Assigment-TWO-Git\EMM-Assigment-TWO-Git\CST Simulation Assigment_Two\Result\SolCoef(#0005)_1(1).scf
C:\Users\tshis\Documents\UP Honours Studies\EMM 780\EMM-Assigment-TWO\EMM-Assigment-TWO-Git\EMM-Assigment-TWO-Git\CST Simulation Assigment_Two\Result\SolCoef(#0005)_1(2).scf
C:\Users\tshis\Documents\UP Honours Studies\EMM 780\EMM-Assigment-TWO\EMM-Assigment-TWO-Git\EMM-Assigment-TWO-Git\CST Simulation Assigment_Two\Result\SolCoef(#0005)_1(3).scf
C:\Users\tshis\Documents\UP Honours Studies\EMM 780\EMM-Assigment-TWO\EMM-Assigment-TWO-Git\EMM-Assigment-TWO-Git\CST Simulation Assigment_Two\Result\SolCoef(#0005)_1(4).scf
C:\Users\tshis\Documents\UP Honours Studies\EMM 780\EMM-Assigment-TWO\EMM-Assigment-TWO-Git\EMM-Assigment-TWO-Git\CST Simulation Assigment_Two\Result\SolCoef(#0005)_1(5).scf
C:\Users\tshis\Documents\UP Honours Studies\EMM 780\EMM-Assigment-TWO\EMM-Assigment-TWO-Git\EMM-Assigment-TWO-Git\CST Simulation Assigment_Two\Result\SolCoef(#0006)_1(1).scf
C:\Users\tshis\Documents\UP Honours Studies\EMM 780\EMM-Assigment-TWO\EMM-Assigment-TWO-Git\EMM-Assigment-TWO-Git\CST Simulation Assigment_Two\Result\SolCoef(#0006)_1(2).scf
C:\Users\tshis\Documents\UP Honours Studies\EMM 780\EMM-Assigment-TWO\EMM-Assigment-TWO-Git\EMM-Assigment-TWO-Git\CST Simulation Assigment_Two\Result\SolCoef(#0006)_1(3).scf
C:\Users\tshis\Documents\UP Honours Studies\EMM 780\EMM-Assigment-TWO\EMM-Assigment-TWO-Git\EMM-Assigment-TWO-Git\CST Simulation Assigment_Two\Result\SolCoef(#0006)_1(4).scf
C:\Users\tshis\Documents\UP Honours Studies\EMM 780\EMM-Assigment-TWO\EMM-Assigment-TWO-Git\EMM-Assigment-TWO-Git\CST Simulation Assigment_Two\Result\SolCoef(#0006)_1(5).scf
C:\Users\tshis\Documents\UP Honours Studies\EMM 780\EMM-Assigment-TWO\EMM-Assigment-TWO-Git\EMM-Assigment-TWO-Git\CST Simulation Assigment_Two\Result\SolCoef(#0007)_1(1).scf
C:\Users\tshis\Documents\UP Honours Studies\EMM 780\EMM-Assigment-TWO\EMM-Assigment-TWO-Git\EMM-Assigment-TWO-Git\CST Simulation Assigment_Two\Result\SolCoef(#0007)_1(2).scf
C:\Users\tshis\Documents\UP Honours Studies\EMM 780\EMM-Assigment-TWO\EMM-Assigment-TWO-Git\EMM-Assigment-TWO-Git\CST Simulation Assigment_Two\Result\SolCoef(#0007)_1(3).scf
C:\Users\tshis\Documents\UP Honours Studies\EMM 780\EMM-Assigment-TWO\EMM-Assigment-TWO-Git\EMM-Assigment-TWO-Git\CST Simulation Assigment_Two\Result\SolCoef(#0007)_1(4).scf
C:\Users\tshis\Documents\UP Honours Studies\EMM 780\EMM-Assigment-TWO\EMM-Assigment-TWO-Git\EMM-Assigment-TWO-Git\CST Simulation Assigment_Two\Result\SolCoef(#0007)_1(5).scf
C:\Users\tshis\Documents\UP Honours Studies\EMM 780\EMM-Assigment-TWO\EMM-Assigment-TWO-Git\EMM-Assigment-TWO-Git\CST Simulation Assigment_Two\Result\SolCoef(#0008)_1(1).scf
C:\Users\tshis\Documents\UP Honours Studies\EMM 780\EMM-Assigment-TWO\EMM-Assigment-TWO-Git\EMM-Assigment-TWO-Git\CST Simulation Assigment_Two\Result\SolCoef(#0008)_1(2).scf
C:\Users\tshis\Documents\UP Honours Studies\EMM 780\EMM-Assigment-TWO\EMM-Assigment-TWO-Git\EMM-Assigment-TWO-Git\CST Simulation Assigment_Two\Result\SolCoef(#0008)_1(3).scf
C:\Users\tshis\Documents\UP Honours Studies\EMM 780\EMM-Assigment-TWO\EMM-Assigment-TWO-Git\EMM-Assigment-TWO-Git\CST Simulation Assigment_Two\Result\SolCoef(#0008)_1(4).scf
C:\Users\tshis\Documents\UP Honours Studies\EMM 780\EMM-Assigment-TWO\EMM-Assigment-TWO-Git\EMM-Assigment-TWO-Git\CST Simulation Assigment_Two\Result\SolCoef(#0008)_1(5).scf
C:\Users\tshis\Documents\UP Honours Studies\EMM 780\EMM-Assigment-TWO\EMM-Assigment-TWO-Git\EMM-Assigment-TWO-Git\CST Simulation Assigment_Two\Result\SolCoef(#0009)_1(1).scf
C:\Users\tshis\Documents\UP Honours Studies\EMM 780\EMM-Assigment-TWO\EMM-Assigment-TWO-Git\EMM-Assigment-TWO-Git\CST Simulation Assigment_Two\Result\SolCoef(#0009)_1(2).scf
C:\Users\tshis\Documents\UP Honours Studies\EMM 780\EMM-Assigment-TWO\EMM-Assigment-TWO-Git\EMM-Assigment-TWO-Git\CST Simulation Assigment_Two\Result\SolCoef(#0009)_1(3).scf
C:\Users\tshis\Documents\UP Honours Studies\EMM 780\EMM-Assigment-TWO\EMM-Assigment-TWO-Git\EMM-Assigment-TWO-Git\CST Simulation Assigment_Two\Result\SolCoef(#0009)_1(4).scf
C:\Users\tshis\Documents\UP Honours Studies\EMM 780\EMM-Assigment-TWO\EMM-Assigment-TWO-Git\EMM-Assigment-TWO-Git\CST Simulation Assigment_Two\Result\SolCoef(#0009)_1(5).scf
C:\Users\tshis\Documents\UP Honours Studies\EMM 780\EMM-Assigment-TWO\EMM-Assigment-TWO-Git\EMM-Assigment-TWO-Git\CST Simulation Assigment_Two\Result\SolCoef(#0010)_1(1).scf
C:\Users\tshis\Documents\UP Honours Studies\EMM 780\EMM-Assigment-TWO\EMM-Assigment-TWO-Git\EMM-Assigment-TWO-Git\CST Simulation Assigment_Two\Result\SolCoef(#0010)_1(2).scf
C:\Users\tshis\Documents\UP Honours Studies\EMM 780\EMM-Assigment-TWO\EMM-Assigment-TWO-Git\EMM-Assigment-TWO-Git\CST Simulation Assigment_Two\Result\SolCoef(#0010)_1(3).scf
C:\Users\tshis\Documents\UP Honours Studies\EMM 780\EMM-Assigment-TWO\EMM-Assigment-TWO-Git\EMM-Assigment-TWO-Git\CST Simulation Assigment_Two\Result\SolCoef(#0010)_1(4).scf
C:\Users\tshis\Documents\UP Honours Studies\EMM 780\EMM-Assigment-TWO\EMM-Assigment-TWO-Git\EMM-Assigment-TWO-Git\CST Simulation Assigment_Two\Result\SolCoef(#0010)_1(5).scf
C:\Users\tshis\Documents\UP Honours Studies\EMM 780\EMM-Assigment-TWO\EMM-Assigment-TWO-Git\EMM-Assigment-TWO-Git\CST Simulation Assigment_Two\Result\SolCoef(#0011)_1(1).scf
C:\Users\tshis\Documents\UP Honours Studies\EMM 780\EMM-Assigment-TWO\EMM-Assigment-TWO-Git\EMM-Assigment-TWO-Git\CST Simulation Assigment_Two\Result\SolCoef(#0011)_1(2).scf
C:\Users\tshis\Documents\UP Honours Studies\EMM 780\EMM-Assigment-TWO\EMM-Assigment-TWO-Git\EMM-Assigment-TWO-Git\CST Simulation Assigment_Two\Result\SolCoef(#0011)_1(3).scf
C:\Users\tshis\Documents\UP Honours Studies\EMM 780\EMM-Assigment-TWO\EMM-Assigment-TWO-Git\EMM-Assigment-TWO-Git\CST Simulation Assigment_Two\Result\SolCoef(#0011)_1(4).scf
C:\Users\tshis\Documents\UP Honours Studies\EMM 780\EMM-Assigment-TWO\EMM-Assigment-TWO-Git\EMM-Assigment-TWO-Git\CST Simulation Assigment_Two\Result\SolCoef(#0011)_1(5).scf
C:\Users\tshis\Documents\UP Honours Studies\EMM 780\EMM-Assigment-TWO\EMM-Assigment-TWO-Git\EMM-Assigment-TWO-Git\CST Simulation Assigment_Two\Result\SolCoef(#0012)_1(1).scf
C:\Users\tshis\Documents\UP Honours Studies\EMM 780\EMM-Assigment-TWO\EMM-Assigment-TWO-Git\EMM-Assigment-TWO-Git\CST Simulation Assigment_Two\Result\SolCoef(#0012)_1(2).scf
C:\Users\tshis\Documents\UP Honours Studies\EMM 780\EMM-Assigment-TWO\EMM-Assigment-TWO-Git\EMM-Assigment-TWO-Git\CST Simulation Assigment_Two\Result\SolCoef(#0012)_1(3).scf
C:\Users\tshis\Documents\UP Honours Studies\EMM 780\EMM-Assigment-TWO\EMM-Assigment-TWO-Git\EMM-Assigment-TWO-Git\CST Simulation Assigment_Two\Result\SolCoef(#0012)_1(4).scf
C:\Users\tshis\Documents\UP Honours Studies\EMM 780\EMM-Assigment-TWO\EMM-Assigment-TWO-Git\EMM-Assigment-TWO-Git\CST Simulation Assigment_Two\Result\SolCoef(#0012)_1(5).scf
C:\Users\tshis\Documents\UP Honours Studies\EMM 780\EMM-Assigment-TWO\EMM-Assigment-TWO-Git\EMM-Assigment-TWO-Git\CST Simulation Assigment_Two\Result\SolCoef(#0013)_1(1).scf
C:\Users\tshis\Documents\UP Honours Studies\EMM 780\EMM-Assigment-TWO\EMM-Assigment-TWO-Git\EMM-Assigment-TWO-Git\CST Simulation Assigment_Two\Result\SolCoef(#0013)_1(2).scf
C:\Users\tshis\Documents\UP Honours Studies\EMM 780\EMM-Assigment-TWO\EMM-Assigment-TWO-Git\EMM-Assigment-TWO-Git\CST Simulation Assigment_Two\Result\SolCoef(#0013)_1(3).scf
C:\Users\tshis\Documents\UP Honours Studies\EMM 780\EMM-Assigment-TWO\EMM-Assigment-TWO-Git\EMM-Assigment-TWO-Git\CST Simulation Assigment_Two\Result\SolCoef(#0013)_1(4).scf
C:\Users\tshis\Documents\UP Honours Studies\EMM 780\EMM-Assigment-TWO\EMM-Assigment-TWO-Git\EMM-Assigment-TWO-Git\CST Simulation Assigment_Two\Result\SolCoef(#0013)_1(5).scf
C:\Users\tshis\Documents\UP Honours Studies\EMM 780\EMM-Assigment-TWO\EMM-Assigment-TWO-Git\EMM-Assigment-TWO-Git\CST Simulation Assigment_Two\Result\SolCoef(#0014)_1(1).scf
C:\Users\tshis\Documents\UP Honours Studies\EMM 780\EMM-Assigment-TWO\EMM-Assigment-TWO-Git\EMM-Assigment-TWO-Git\CST Simulation Assigment_Two\Result\SolCoef(#0014)_1(2).scf
C:\Users\tshis\Documents\UP Honours Studies\EMM 780\EMM-Assigment-TWO\EMM-Assigment-TWO-Git\EMM-Assigment-TWO-Git\CST Simulation Assigment_Two\Result\SolCoef(#0014)_1(3).scf
C:\Users\tshis\Documents\UP Honours Studies\EMM 780\EMM-Assigment-TWO\EMM-Assigment-TWO-Git\EMM-Assigment-TWO-Git\CST Simulation Assigment_Two\Result\SolCoef(#0014)_1(4).scf
C:\Users\tshis\Documents\UP Honours Studies\EMM 780\EMM-Assigment-TWO\EMM-Assigment-TWO-Git\EMM-Assigment-TWO-Git\CST Simulation Assigment_Two\Result\SolCoef(#0014)_1(5).scf
C:\Users\tshis\Documents\UP Honours Studies\EMM 780\EMM-Assigment-TWO\EMM-Assigment-TWO-Git\EMM-Assigment-TWO-Git\CST Simulation Assigment_Two\Result\SolCoef(#0015)_1(1).scf
C:\Users\tshis\Documents\UP Honours Studies\EMM 780\EMM-Assigment-TWO\EMM-Assigment-TWO-Git\EMM-Assigment-TWO-Git\CST Simulation Assigment_Two\Result\SolCoef(#0015)_1(2).scf
C:\Users\tshis\Documents\UP Honours Studies\EMM 780\EMM-Assigment-TWO\EMM-Assigment-TWO-Git\EMM-Assigment-TWO-Git\CST Simulation Assigment_Two\Result\SolCoef(#0015)_1(3).scf
C:\Users\tshis\Documents\UP Honours Studies\EMM 780\EMM-Assigment-TWO\EMM-Assigment-TWO-Git\EMM-Assigment-TWO-Git\CST Simulation Assigment_Two\Result\SolCoef(#0015)_1(4).scf
C:\Users\tshis\Documents\UP Honours Studies\EMM 780\EMM-Assigment-TWO\EMM-Assigment-TWO-Git\EMM-Assigment-TWO-Git\CST Simulation Assigment_Two\Result\SolCoef(#0015)_1(5).scf
C:\Users\tshis\Documents\UP Honours Studies\EMM 780\EMM-Assigment-TWO\EMM-Assigment-TWO-Git\EMM-Assigment-TWO-Git\CST Simulation Assigment_Two\Result\SolCoef(#0016)_1(1).scf
C:\Users\tshis\Documents\UP Honours Studies\EMM 780\EMM-Assigment-TWO\EMM-Assigment-TWO-Git\EMM-Assigment-TWO-Git\CST Simulation Assigment_Two\Result\SolCoef(#0016)_1(2).scf
C:\Users\tshis\Documents\UP Honours Studies\EMM 780\EMM-Assigment-TWO\EMM-Assigment-TWO-Git\EMM-Assigment-TWO-Git\CST Simulation Assigment_Two\Result\SolCoef(#0016)_1(3).scf
C:\Users\tshis\Documents\UP Honours Studies\EMM 780\EMM-Assigment-TWO\EMM-Assigment-TWO-Git\EMM-Assigment-TWO-Git\CST Simulation Assigment_Two\Result\SolCoef(#0016)_1(4).scf
C:\Users\tshis\Documents\UP Honours Studies\EMM 780\EMM-Assigment-TWO\EMM-Assigment-TWO-Git\EMM-Assigment-TWO-Git\CST Simulation Assigment_Two\Result\SolCoef(#0016)_1(5).scf
C:\Users\tshis\Documents\UP Honours Studies\EMM 780\EMM-Assigment-TWO\EMM-Assigment-TWO-Git\EMM-Assigment-TWO-Git\CST Simulation Assigment_Two\Result\SolCoef(#0017)_1(1).scf
C:\Users\tshis\Documents\UP Honours Studies\EMM 780\EMM-Assigment-TWO\EMM-Assigment-TWO-Git\EMM-Assigment-TWO-Git\CST Simulation Assigment_Two\Result\SolCoef(#0017)_1(2).scf
C:\Users\tshis\Documents\UP Honours Studies\EMM 780\EMM-Assigment-TWO\EMM-Assigment-TWO-Git\EMM-Assigment-TWO-Git\CST Simulation Assigment_Two\Result\SolCoef(#0017)_1(3).scf
C:\Users\tshis\Documents\UP Honours Studies\EMM 780\EMM-Assigment-TWO\EMM-Assigment-TWO-Git\EMM-Assigment-TWO-Git\CST Simulation Assigment_Two\Result\SolCoef(#0017)_1(4).scf
C:\Users\tshis\Documents\UP Honours Studies\EMM 780\EMM-Assigment-TWO\EMM-Assigment-TWO-Git\EMM-Assigment-TWO-Git\CST Simulation Assigment_Two\Result\SolCoef(#0017)_1(5).scf
C:\Users\tshis\Documents\UP Honours Studies\EMM 780\EMM-Assigment-TWO\EMM-Assigment-TWO-Git\EMM-Assigment-TWO-Git\CST Simulation Assigment_Two\Result\SolCoef(#0018)_1(1).scf
C:\Users\tshis\Documents\UP Honours Studies\EMM 780\EMM-Assigment-TWO\EMM-Assigment-TWO-Git\EMM-Assigment-TWO-Git\CST Simulation Assigment_Two\Result\SolCoef(#0018)_1(2).scf
C:\Users\tshis\Documents\UP Honours Studies\EMM 780\EMM-Assigment-TWO\EMM-Assigment-TWO-Git\EMM-Assigment-TWO-Git\CST Simulation Assigment_Two\Result\SolCoef(#0018)_1(3).scf
C:\Users\tshis\Documents\UP Honours Studies\EMM 780\EMM-Assigment-TWO\EMM-Assigment-TWO-Git\EMM-Assigment-TWO-Git\CST Simulation Assigment_Two\Result\SolCoef(#0018)_1(4).scf
C:\Users\tshis\Documents\UP Honours Studies\EMM 780\EMM-Assigment-TWO\EMM-Assigment-TWO-Git\EMM-Assigment-TWO-Git\CST Simulation Assigment_Two\Result\SolCoef(#0018)_1(5).scf
C:\Users\tshis\Documents\UP Honours Studies\EMM 780\EMM-Assigment-TWO\EMM-Assigment-TWO-Git\EMM-Assigment-TWO-Git\CST Simulation Assigment_Two\Result\SolCoef(#0019)_1(1).scf
C:\Users\tshis\Documents\UP Honours Studies\EMM 780\EMM-Assigment-TWO\EMM-Assigment-TWO-Git\EMM-Assigment-TWO-Git\CST Simulation Assigment_Two\Result\SolCoef(#0019)_1(2).scf
C:\Users\tshis\Documents\UP Honours Studies\EMM 780\EMM-Assigment-TWO\EMM-Assigment-TWO-Git\EMM-Assigment-TWO-Git\CST Simulation Assigment_Two\Result\SolCoef(#0019)_1(3).scf
C:\Users\tshis\Documents\UP Honours Studies\EMM 780\EMM-Assigment-TWO\EMM-Assigment-TWO-Git\EMM-Assigment-TWO-Git\CST Simulation Assigment_Two\Result\SolCoef(#0019)_1(4).scf
C:\Users\tshis\Documents\UP Honours Studies\EMM 780\EMM-Assigment-TWO\EMM-Assigment-TWO-Git\EMM-Assigment-TWO-Git\CST Simulation Assigment_Two\Result\SolCoef(#0019)_1(5).scf
Mesh:
C:\Users\tshis\Documents\UP Honours Studies\EMM 780\EMM-Assigment-TWO\EMM-Assigment-TWO-Git\EMM-Assigment-TWO-Git\CST Simulation Assigment_Two\Result\3do.slim
C:\Users\tshis\Documents\UP Honours Studies\EMM 780\EMM-Assigment-TWO\EMM-Assigment-TWO-Git\EMM-Assigment-TWO-Git\CST Simulation Assigment_Two\Result\bad0.tet
C:\Users\tshis\Documents\UP Honours Studies\EMM 780\EMM-Assigment-TWO\EMM-Assigment-TWO-Git\EMM-Assigment-TWO-Git\CST Simulation Assigment_Two\Result\CellNameTo_ML_BGIDMap.tet
C:\Users\tshis\Documents\UP Honours Studies\EMM 780\EMM-Assigment-TWO\EMM-Assigment-TWO-Git\EMM-Assigment-TWO-Git\CST Simulation Assigment_Two\Result\Entities2Mesh.tet
C:\Users\tshis\Documents\UP Honours Studies\EMM 780\EMM-Assigment-TWO\EMM-Assigment-TWO-Git\EMM-Assigment-TWO-Git\CST Simulation Assigment_Two\Result\log.tet
C:\Users\tshis\Documents\UP Honours Studies\EMM 780\EMM-Assigment-TWO\EMM-Assigment-TWO-Git\EMM-Assigment-TWO-Git\CST Simulation Assigment_Two\Result\meshprops.tet
C:\Users\tshis\Documents\UP Honours Studies\EMM 780\EMM-Assigment-TWO\EMM-Assigment-TWO-Git\EMM-Assigment-TWO-Git\CST Simulation Assigment_Two\Result\mir.tet
C:\Users\tshis\Documents\UP Honours Studies\EMM 780\EMM-Assigment-TWO\EMM-Assigment-TWO-Git\EMM-Assigment-TWO-Git\CST Simulation Assigment_Two\Result\ML_BGID_To_ZStart_Map.tet
C:\Users\tshis\Documents\UP Honours Studies\EMM 780\EMM-Assigment-TWO\EMM-Assigment-TWO-Git\EMM-Assigment-TWO-Git\CST Simulation Assigment_Two\Result\moegeom.tet
C:\Users\tshis\Documents\UP Honours Studies\EMM 780\EMM-Assigment-TWO\EMM-Assigment-TWO-Git\EMM-Assigment-TWO-Git\CST Simulation Assigment_Two\Result\Port1.slim
C:\Users\tshis\Documents\UP Honours Studies\EMM 780\EMM-Assigment-TWO\EMM-Assigment-TWO-Git\EMM-Assigment-TWO-Git\CST Simulation Assigment_Two\Result\Port2.slim
C:\Users\tshis\Documents\UP Honours Studies\EMM 780\EMM-Assigment-TWO\EMM-Assigment-TWO-Git\EMM-Assigment-TWO-Git\CST Simulation Assigment_Two\Result\refinementparents.tet
C:\Users\tshis\Documents\UP Honours Studies\EMM 780\EMM-Assigment-TWO\EMM-Assigment-TWO-Git\EMM-Assigment-TWO-Git\CST Simulation Assigment_Two\Result\reftags.tet
C:\Users\tshis\Documents\UP Honours Studies\EMM 780\EMM-Assigment-TWO\EMM-Assigment-TWO-Git\EMM-Assigment-TWO-Git\CST Simulation Assigment_Two\Result\tetquality.tet
C:\Users\tshis\Documents\UP Honours Studies\EMM 780\EMM-Assigment-TWO\EMM-Assigment-TWO-Git\EMM-Assigment-TWO-Git\CST Simulation Assigment_Two\Result\topot.tet
Port:
C:\Users\tshis\Documents\UP Honours Studies\EMM 780\EMM-Assigment-TWO\EMM-Assigment-TWO-Git\EMM-Assigment-TWO-Git\CST Simulation Assigment_Two\Result\Model.pmi
